<?xml version="1.0" encoding="utf-8"?><testsuites name="pytest tests"><testsuite name="pytest" errors="0" failures="0" skipped="0" tests="6" time="1.575" timestamp="2026-05-13T17:57:04.265348+00:00" hostname="agent-env-955d6e56-8eac-4032-947c-d912d75341f9"><testcase classname="backend.tests.test_cyber_risk_api" name="test_health_contract_with_kev_status" time="0.294" /><testcase classname="backend.tests.test_cyber_risk_api" name="test_sync_nist_returns_official_controls" time="0.289" /><testcase classname="backend.tests.test_cyber_risk_api" name="test_sync_cisa_kev_live_csv" time="0.269" /><testcase classname="backend.tests.test_cyber_risk_api" name="test_top_5_risks_payload_with_kev_and_hints" time="0.100" /><testcase classname="backend.tests.test_cyber_risk_api" name="test_threat_report_endpoint_contract" time="0.113" /><testcase classname="backend.tests.test_cyber_risk_api" name="test_data_upload_then_sample_reset" time="0.435" /></testsuite></testsuites>